# JRE version: OpenJDK Runtime Environment (8.0_152-b01) (build 1.8.0_152-release-1024-b01)
# Java VM: OpenJDK 64-Bit Server VM (25.152-b01 mixed mode bsd-amd64 compressed oops)
Heap:
 PSYoungGen      total 475136K, used 49426K [0x0000000795580000, 0x00000007b5380000, 0x00000007c0000000)
  eden space 455680K, 7% used [0x0000000795580000,0x00000007975ca0d0,0x00000007b1280000)
  from space 19456K, 84% used [0x00000007b4080000,0x00000007b507a770,0x00000007b5380000)
  to   space 33280K, 0% used [0x00000007b1280000,0x00000007b1280000,0x00000007b3300000)
 ParOldGen       total 148480K, used 63300K [0x0000000740000000, 0x0000000749100000, 0x0000000795580000)
  object space 148480K, 42% used [0x0000000740000000,0x0000000743dd1158,0x0000000749100000)
 Metaspace       used 46465K, capacity 52718K, committed 52992K, reserved 1095680K
  class space    used 5494K, capacity 7333K, committed 7424K, reserved 1048576K
GC Heap History (10 events):
Event: 10.256 GC heap before
{Heap before GC invocations=10 (full 1):
 PSYoungGen      total 286720K, used 21792K [0x0000000795580000, 0x00000007b2580000, 0x00000007c0000000)
  eden space 251904K, 0% used [0x0000000795580000,0x0000000795580000,0x00000007a4b80000)
  from space 34816K, 62% used [0x00000007a4b80000,0x00000007a60c82c0,0x00000007a6d80000)
  to   space 35840K, 0% used [0x00000007b0280000,0x00000007b0280000,0x00000007b2580000)
 ParOldGen       total 87552K, used 38827K [0x0000000740000000, 0x0000000745580000, 0x0000000795580000)
  object space 87552K, 44% used [0x0000000740000000,0x00000007425eaf78,0x0000000745580000)
 Metaspace       used 20134K, capacity 21172K, committed 21296K, reserved 1069056K
  class space    used 2070K, capacity 2425K, committed 2432K, reserved 1048576K
Event: 10.489 GC heap after
Heap after GC invocations=10 (full 1):
 PSYoungGen      total 286720K, used 0K [0x0000000795580000, 0x00000007b2580000, 0x00000007c0000000)
  eden space 251904K, 0% used [0x0000000795580000,0x0000000795580000,0x00000007a4b80000)
  from space 34816K, 0% used [0x00000007a4b80000,0x00000007a4b80000,0x00000007a6d80000)
  to   space 35840K, 0% used [0x00000007b0280000,0x00000007b0280000,0x00000007b2580000)
 ParOldGen       total 111616K, used 54163K [0x0000000740000000, 0x0000000746d00000, 0x0000000795580000)
  object space 111616K, 48% used [0x0000000740000000,0x00000007434e4c68,0x0000000746d00000)
 Metaspace       used 20134K, capacity 21172K, committed 21296K, reserved 1069056K
  class space    used 2070K, capacity 2425K, committed 2432K, reserved 1048576K
}
Event: 12.842 GC heap before
{Heap before GC invocations=11 (full 1):
 PSYoungGen      total 286720K, used 251904K [0x0000000795580000, 0x00000007b2580000, 0x00000007c0000000)
  eden space 251904K, 100% used [0x0000000795580000,0x00000007a4b80000,0x00000007a4b80000)
  from space 34816K, 0% used [0x00000007a4b80000,0x00000007a4b80000,0x00000007a6d80000)
  to   space 35840K, 0% used [0x00000007b0280000,0x00000007b0280000,0x00000007b2580000)
 ParOldGen       total 111616K, used 54163K [0x0000000740000000, 0x0000000746d00000, 0x0000000795580000)
  object space 111616K, 48% used [0x0000000740000000,0x00000007434e4c68,0x0000000746d00000)
 Metaspace       used 28246K, capacity 30142K, committed 30464K, reserved 1077248K
  class space    used 2850K, capacity 3457K, committed 3584K, reserved 1048576K
Event: 12.860 GC heap after
Heap after GC invocations=11 (full 1):
 PSYoungGen      total 355840K, used 10087K [0x0000000795580000, 0x00000007b0c80000, 0x00000007c0000000)
  eden space 345600K, 0% used [0x0000000795580000,0x0000000795580000,0x00000007aa700000)
  from space 10240K, 98% used [0x00000007b0280000,0x00000007b0c59e48,0x00000007b0c80000)
  to   space 34304K, 0% used [0x00000007ac980000,0x00000007ac980000,0x00000007aeb00000)
 ParOldGen       total 111616K, used 54171K [0x0000000740000000, 0x0000000746d00000, 0x0000000795580000)
  object space 111616K, 48% used [0x0000000740000000,0x00000007434e6c68,0x0000000746d00000)
 Metaspace       used 28246K, capacity 30142K, committed 30464K, reserved 1077248K
  class space    used 2850K, capacity 3457K, committed 3584K, reserved 1048576K
}
Event: 14.085 GC heap before
{Heap before GC invocations=12 (full 1):
 PSYoungGen      total 355840K, used 134174K [0x0000000795580000, 0x00000007b0c80000, 0x00000007c0000000)
  eden space 345600K, 35% used [0x0000000795580000,0x000000079ceadb98,0x00000007aa700000)
  from space 10240K, 98% used [0x00000007b0280000,0x00000007b0c59e48,0x00000007b0c80000)
  to   space 34304K, 0% used [0x00000007ac980000,0x00000007ac980000,0x00000007aeb00000)
 ParOldGen       total 111616K, used 54171K [0x0000000740000000, 0x0000000746d00000, 0x0000000795580000)
  object space 111616K, 48% used [0x0000000740000000,0x00000007434e6c68,0x0000000746d00000)
 Metaspace       used 32794K, capacity 35414K, committed 35456K, reserved 1081344K
  class space    used 3379K, capacity 4207K, committed 4224K, reserved 1048576K
Event: 14.112 GC heap after
Heap after GC invocations=12 (full 1):
 PSYoungGen      total 415232K, used 5698K [0x0000000795580000, 0x00000007b6200000, 0x00000007c0000000)
  eden space 380928K, 0% used [0x0000000795580000,0x0000000795580000,0x00000007ac980000)
  from space 34304K, 16% used [0x00000007ac980000,0x00000007acf109b0,0x00000007aeb00000)
  to   space 34304K, 0% used [0x00000007b4080000,0x00000007b4080000,0x00000007b6200000)
 ParOldGen       total 111616K, used 59745K [0x0000000740000000, 0x0000000746d00000, 0x0000000795580000)
  object space 111616K, 53% used [0x0000000740000000,0x0000000743a58680,0x0000000746d00000)
 Metaspace       used 32794K, capacity 35414K, committed 35456K, reserved 1081344K
  class space    used 3379K, capacity 4207K, committed 4224K, reserved 1048576K
}
Event: 14.112 GC heap before
{Heap before GC invocations=13 (full 2):
 PSYoungGen      total 415232K, used 5698K [0x0000000795580000, 0x00000007b6200000, 0x00000007c0000000)
  eden space 380928K, 0% used [0x0000000795580000,0x0000000795580000,0x00000007ac980000)
  from space 34304K, 16% used [0x00000007ac980000,0x00000007acf109b0,0x00000007aeb00000)
  to   space 34304K, 0% used [0x00000007b4080000,0x00000007b4080000,0x00000007b6200000)
 ParOldGen       total 111616K, used 59745K [0x0000000740000000, 0x0000000746d00000, 0x0000000795580000)
  object space 111616K, 53% used [0x0000000740000000,0x0000000743a58680,0x0000000746d00000)
 Metaspace       used 32794K, capacity 35414K, committed 35456K, reserved 1081344K
  class space    used 3379K, capacity 4207K, committed 4224K, reserved 1048576K
Event: 14.442 GC heap after
Heap after GC invocations=13 (full 2):
 PSYoungGen      total 415232K, used 0K [0x0000000795580000, 0x00000007b6200000, 0x00000007c0000000)
  eden space 380928K, 0% used [0x0000000795580000,0x0000000795580000,0x00000007ac980000)
  from space 34304K, 0% used [0x00000007ac980000,0x00000007ac980000,0x00000007aeb00000)
  to   space 34304K, 0% used [0x00000007b4080000,0x00000007b4080000,0x00000007b6200000)
 ParOldGen       total 148480K, used 63292K [0x0000000740000000, 0x0000000749100000, 0x0000000795580000)
  object space 148480K, 42% used [0x0000000740000000,0x0000000743dcf158,0x0000000749100000)
 Metaspace       used 32794K, capacity 35414K, committed 35456K, reserved 1081344K
  class space    used 3379K, capacity 4207K, committed 4224K, reserved 1048576K
}
Event: 22.107 GC heap before
{Heap before GC invocations=14 (full 2):
 PSYoungGen      total 415232K, used 380928K [0x0000000795580000, 0x00000007b6200000, 0x00000007c0000000)
  eden space 380928K, 100% used [0x0000000795580000,0x00000007ac980000,0x00000007ac980000)
  from space 34304K, 0% used [0x00000007ac980000,0x00000007ac980000,0x00000007aeb00000)
  to   space 34304K, 0% used [0x00000007b4080000,0x00000007b4080000,0x00000007b6200000)
 ParOldGen       total 148480K, used 63292K [0x0000000740000000, 0x0000000749100000, 0x0000000795580000)
  object space 148480K, 42% used [0x0000000740000000,0x0000000743dcf158,0x0000000749100000)
 Metaspace       used 46136K, capacity 52136K, committed 52352K, reserved 1093632K
  class space    used 5415K, capacity 7184K, committed 7296K, reserved 1048576K
Event: 22.147 GC heap after
Heap after GC invocations=14 (full 2):
 PSYoungGen      total 475136K, used 16361K [0x0000000795580000, 0x00000007b5380000, 0x00000007c0000000)
  eden space 455680K, 0% used [0x0000000795580000,0x0000000795580000,0x00000007b1280000)
  from space 19456K, 84% used [0x00000007b4080000,0x00000007b507a770,0x00000007b5380000)
  to   space 33280K, 0% used [0x00000007b1280000,0x00000007b1280000,0x00000007b3300000)
 ParOldGen       total 148480K, used 63300K [0x0000000740000000, 0x0000000749100000, 0x0000000795580000)
  object space 148480K, 42% used [0x0000000740000000,0x0000000743dd1158,0x0000000749100000)
 Metaspace       used 46136K, capacity 52136K, committed 52352K, reserved 1093632K
  class space    used 5415K, capacity 7184K, committed 7296K, reserved 1048576K
}

