# JRE version: OpenJDK Runtime Environment (8.0_152-b01) (build 1.8.0_152-release-1024-b01)
# Java VM: OpenJDK 64-Bit Server VM (25.152-b01 mixed mode bsd-amd64 compressed oops)
Heap:
 PSYoungGen      total 502272K, used 75098K [0x0000000795580000, 0x00000007b7700000, 0x00000007c0000000)
  eden space 468480K, 12% used [0x0000000795580000,0x0000000798eae858,0x00000007b1f00000)
  from space 33792K, 48% used [0x00000007b3f80000,0x00000007b4fa8370,0x00000007b6080000)
  to   space 33280K, 0% used [0x00000007b1f00000,0x00000007b1f00000,0x00000007b3f80000)
 ParOldGen       total 140288K, used 63397K [0x0000000740000000, 0x0000000748900000, 0x0000000795580000)
  object space 140288K, 45% used [0x0000000740000000,0x0000000743de9468,0x0000000748900000)
 Metaspace       used 46473K, capacity 52738K, committed 52992K, reserved 1095680K
  class space    used 5495K, capacity 7333K, committed 7424K, reserved 1048576K
GC Heap History (10 events):
Event: 10.293 GC heap before
{Heap before GC invocations=10 (full 1):
 PSYoungGen      total 286720K, used 21536K [0x0000000795580000, 0x00000007b2580000, 0x00000007c0000000)
  eden space 251904K, 0% used [0x0000000795580000,0x0000000795580000,0x00000007a4b80000)
  from space 34816K, 61% used [0x00000007a4b80000,0x00000007a60882c0,0x00000007a6d80000)
  to   space 35840K, 0% used [0x00000007b0280000,0x00000007b0280000,0x00000007b2580000)
 ParOldGen       total 87552K, used 39108K [0x0000000740000000, 0x0000000745580000, 0x0000000795580000)
  object space 87552K, 44% used [0x0000000740000000,0x00000007426313e0,0x0000000745580000)
 Metaspace       used 20083K, capacity 21172K, committed 21296K, reserved 1069056K
  class space    used 2070K, capacity 2425K, committed 2432K, reserved 1048576K
Event: 10.524 GC heap after
Heap after GC invocations=10 (full 1):
 PSYoungGen      total 286720K, used 0K [0x0000000795580000, 0x00000007b2580000, 0x00000007c0000000)
  eden space 251904K, 0% used [0x0000000795580000,0x0000000795580000,0x00000007a4b80000)
  from space 34816K, 0% used [0x00000007a4b80000,0x00000007a4b80000,0x00000007a6d80000)
  to   space 35840K, 0% used [0x00000007b0280000,0x00000007b0280000,0x00000007b2580000)
 ParOldGen       total 110080K, used 53327K [0x0000000740000000, 0x0000000746b80000, 0x0000000795580000)
  object space 110080K, 48% used [0x0000000740000000,0x0000000743413e18,0x0000000746b80000)
 Metaspace       used 20083K, capacity 21172K, committed 21296K, reserved 1069056K
  class space    used 2070K, capacity 2425K, committed 2432K, reserved 1048576K
}
Event: 13.225 GC heap before
{Heap before GC invocations=11 (full 1):
 PSYoungGen      total 286720K, used 251904K [0x0000000795580000, 0x00000007b2580000, 0x00000007c0000000)
  eden space 251904K, 100% used [0x0000000795580000,0x00000007a4b80000,0x00000007a4b80000)
  from space 34816K, 0% used [0x00000007a4b80000,0x00000007a4b80000,0x00000007a6d80000)
  to   space 35840K, 0% used [0x00000007b0280000,0x00000007b0280000,0x00000007b2580000)
 ParOldGen       total 110080K, used 53327K [0x0000000740000000, 0x0000000746b80000, 0x0000000795580000)
  object space 110080K, 48% used [0x0000000740000000,0x0000000743413e18,0x0000000746b80000)
 Metaspace       used 28260K, capacity 30158K, committed 30464K, reserved 1077248K
  class space    used 2850K, capacity 3457K, committed 3584K, reserved 1048576K
Event: 13.244 GC heap after
Heap after GC invocations=11 (full 1):
 PSYoungGen      total 356864K, used 9953K [0x0000000795580000, 0x00000007b0c80000, 0x00000007c0000000)
  eden space 346624K, 0% used [0x0000000795580000,0x0000000795580000,0x00000007aa800000)
  from space 10240K, 97% used [0x00000007b0280000,0x00000007b0c38430,0x00000007b0c80000)
  to   space 34304K, 0% used [0x00000007ac980000,0x00000007ac980000,0x00000007aeb00000)
 ParOldGen       total 110080K, used 53335K [0x0000000740000000, 0x0000000746b80000, 0x0000000795580000)
  object space 110080K, 48% used [0x0000000740000000,0x0000000743415e18,0x0000000746b80000)
 Metaspace       used 28260K, capacity 30158K, committed 30464K, reserved 1077248K
  class space    used 2850K, capacity 3457K, committed 3584K, reserved 1048576K
}
Event: 14.759 GC heap before
{Heap before GC invocations=12 (full 1):
 PSYoungGen      total 356864K, used 134305K [0x0000000795580000, 0x00000007b0c80000, 0x00000007c0000000)
  eden space 346624K, 35% used [0x0000000795580000,0x000000079cef0100,0x00000007aa800000)
  from space 10240K, 97% used [0x00000007b0280000,0x00000007b0c38430,0x00000007b0c80000)
  to   space 34304K, 0% used [0x00000007ac980000,0x00000007ac980000,0x00000007aeb00000)
 ParOldGen       total 110080K, used 53335K [0x0000000740000000, 0x0000000746b80000, 0x0000000795580000)
  object space 110080K, 48% used [0x0000000740000000,0x0000000743415e18,0x0000000746b80000)
 Metaspace       used 32775K, capacity 35414K, committed 35456K, reserved 1081344K
  class space    used 3379K, capacity 4207K, committed 4224K, reserved 1048576K
Event: 14.779 GC heap after
Heap after GC invocations=12 (full 1):
 PSYoungGen      total 415232K, used 5665K [0x0000000795580000, 0x00000007b6080000, 0x00000007c0000000)
  eden space 380928K, 0% used [0x0000000795580000,0x0000000795580000,0x00000007ac980000)
  from space 34304K, 16% used [0x00000007ac980000,0x00000007acf086f0,0x00000007aeb00000)
  to   space 33792K, 0% used [0x00000007b3f80000,0x00000007b3f80000,0x00000007b6080000)
 ParOldGen       total 110080K, used 58909K [0x0000000740000000, 0x0000000746b80000, 0x0000000795580000)
  object space 110080K, 53% used [0x0000000740000000,0x0000000743987410,0x0000000746b80000)
 Metaspace       used 32775K, capacity 35414K, committed 35456K, reserved 1081344K
  class space    used 3379K, capacity 4207K, committed 4224K, reserved 1048576K
}
Event: 14.779 GC heap before
{Heap before GC invocations=13 (full 2):
 PSYoungGen      total 415232K, used 5665K [0x0000000795580000, 0x00000007b6080000, 0x00000007c0000000)
  eden space 380928K, 0% used [0x0000000795580000,0x0000000795580000,0x00000007ac980000)
  from space 34304K, 16% used [0x00000007ac980000,0x00000007acf086f0,0x00000007aeb00000)
  to   space 33792K, 0% used [0x00000007b3f80000,0x00000007b3f80000,0x00000007b6080000)
 ParOldGen       total 110080K, used 58909K [0x0000000740000000, 0x0000000746b80000, 0x0000000795580000)
  object space 110080K, 53% used [0x0000000740000000,0x0000000743987410,0x0000000746b80000)
 Metaspace       used 32775K, capacity 35414K, committed 35456K, reserved 1081344K
  class space    used 3379K, capacity 4207K, committed 4224K, reserved 1048576K
Event: 14.911 GC heap after
Heap after GC invocations=13 (full 2):
 PSYoungGen      total 415232K, used 0K [0x0000000795580000, 0x00000007b6080000, 0x00000007c0000000)
  eden space 380928K, 0% used [0x0000000795580000,0x0000000795580000,0x00000007ac980000)
  from space 34304K, 0% used [0x00000007ac980000,0x00000007ac980000,0x00000007aeb00000)
  to   space 33792K, 0% used [0x00000007b3f80000,0x00000007b3f80000,0x00000007b6080000)
 ParOldGen       total 140288K, used 63389K [0x0000000740000000, 0x0000000748900000, 0x0000000795580000)
  object space 140288K, 45% used [0x0000000740000000,0x0000000743de7468,0x0000000748900000)
 Metaspace       used 32775K, capacity 35414K, committed 35456K, reserved 1081344K
  class space    used 3379K, capacity 4207K, committed 4224K, reserved 1048576K
}
Event: 20.427 GC heap before
{Heap before GC invocations=14 (full 2):
 PSYoungGen      total 415232K, used 380928K [0x0000000795580000, 0x00000007b6080000, 0x00000007c0000000)
  eden space 380928K, 100% used [0x0000000795580000,0x00000007ac980000,0x00000007ac980000)
  from space 34304K, 0% used [0x00000007ac980000,0x00000007ac980000,0x00000007aeb00000)
  to   space 33792K, 0% used [0x00000007b3f80000,0x00000007b3f80000,0x00000007b6080000)
 ParOldGen       total 140288K, used 63389K [0x0000000740000000, 0x0000000748900000, 0x0000000795580000)
  object space 140288K, 45% used [0x0000000740000000,0x0000000743de7468,0x0000000748900000)
 Metaspace       used 46202K, capacity 52316K, committed 52608K, reserved 1095680K
  class space    used 5443K, capacity 7240K, committed 7296K, reserved 1048576K
Event: 20.464 GC heap after
Heap after GC invocations=14 (full 2):
 PSYoungGen      total 502272K, used 16544K [0x0000000795580000, 0x00000007b7700000, 0x00000007c0000000)
  eden space 468480K, 0% used [0x0000000795580000,0x0000000795580000,0x00000007b1f00000)
  from space 33792K, 48% used [0x00000007b3f80000,0x00000007b4fa8370,0x00000007b6080000)
  to   space 33280K, 0% used [0x00000007b1f00000,0x00000007b1f00000,0x00000007b3f80000)
 ParOldGen       total 140288K, used 63397K [0x0000000740000000, 0x0000000748900000, 0x0000000795580000)
  object space 140288K, 45% used [0x0000000740000000,0x0000000743de9468,0x0000000748900000)
 Metaspace       used 46202K, capacity 52316K, committed 52608K, reserved 1095680K
  class space    used 5443K, capacity 7240K, committed 7296K, reserved 1048576K
}

